<?xml version="1.0" encoding="UTF-8"?><testsuite errors="0" failures="1" name="Security and session management validation" skipped="0" tests="1" time="12.63" timestamp="2025-10-30 02:48:45"><testcase name="Validate core security headers are present"><failure message="❌ Missing security header: Content-Security-Policy" type="java.lang.AssertionError">❌ Missing security header: Content-Security-Policy</failure><system-err>❌ Missing security header: Content-Security-Policy&#13;
actions.SecurityHeaderActions.verifyHeaderPresent(SecurityHeaderActions.java:39)&#13;
stepdefinitions.SecurityStepDefinitions.theResponseHeadersShouldInclude(SecurityStepDefinitions.java:49)&#13;
✽.the response headers should include "Content-Security-Policy"(file:///C:/Software%20Testing%20Projects/JuiceBox-Automation/src/test/resources/features/04_security.feature:26)&#13;
</system-err></testcase></testsuite>