<?xml version="1.0" encoding="UTF-8"?><testsuite errors="0" failures="3" name="Security and session management validation" skipped="0" tests="6" time="63.05" timestamp="2025-11-09 10:20:31"><testcase name="Verify user session persists after refresh"/><testcase name="Redirect unauthenticated user to login page"><failure message="Expected redirect to login, but was: http://localhost:3000/#/address/select" type="java.lang.AssertionError">Expected redirect to login, but was: http://localhost:3000/#/address/select</failure><system-err>Expected redirect to login, but was: http://localhost:3000/#/address/select&#13;
stepdefinitions.SecurityStepDefinitions.verifyRedirectedToLoginPage(SecurityStepDefinitions.java:86)&#13;
✽.the application should redirect them to the login page(file:///C:/Software%20Testing%20Projects/JuiceBox-Automation/src/test/resources/features/04_security.feature:22)&#13;
</system-err></testcase><testcase name="Validate core security headers are present, 1.0"><failure message="Missing security header: Content-Security-Policy" type="java.lang.AssertionError">Missing security header: Content-Security-Policy</failure><system-err>Missing security header: Content-Security-Policy&#13;
stepdefinitions.SecurityStepDefinitions.theResponseHeadersShouldInclude(SecurityStepDefinitions.java:59)&#13;
✽.the response headers should include "Content-Security-Policy"(file:///C:/Software%20Testing%20Projects/JuiceBox-Automation/src/test/resources/features/04_security.feature:28)&#13;
</system-err></testcase><testcase name="Validate core security headers are present, 2.0"/><testcase name="Validate core security headers are present, 3.0"/><testcase name="Prevent script injection in search field"><failure message="Search result text not escaped, potential XSS issue!" type="java.lang.AssertionError">Search result text not escaped, potential XSS issue!</failure><system-err>Search result text not escaped, potential XSS issue!&#13;
stepdefinitions.SecurityStepDefinitions.searchResultsShouldBeEscaped(SecurityStepDefinitions.java:120)&#13;
✽.the search results should safely render escaped text instead of executing the script(file:///C:/Software%20Testing%20Projects/JuiceBox-Automation/src/test/resources/features/04_security.feature:45)&#13;
</system-err></testcase></testsuite>